[    0.000000] Linux version 4.10.0-26-generic (buildd@lcy01-09) (gcc version 6.3.0 20170406 (Ubuntu 6.3.0-12ubuntu2) ) #30-Ubuntu SMP Tue Jun 27 09:30:12 UTC 2017 (Ubuntu 4.10.0-26.30-generic 4.10.17)
[    0.000000] Command line: BOOT_IMAGE=/boot/vmlinuz-4.10.0-26-generic root=LABEL=cloudimg-rootfs ro console=tty1 console=ttyS0
[    0.000000] KERNEL supported cpus:
[    0.000000]   Intel GenuineIntel
[    0.000000]   AMD AuthenticAMD
[    0.000000]   Centaur CentaurHauls
[    0.000000] x86/fpu: Supporting XSAVE feature 0x001: 'x87 floating point registers'
[    0.000000] x86/fpu: Supporting XSAVE feature 0x002: 'SSE registers'
[    0.000000] x86/fpu: Supporting XSAVE feature 0x004: 'AVX registers'
[    0.000000] x86/fpu: xstate_offset[2]:  576, xstate_sizes[2]:  256
[    0.000000] x86/fpu: Enabled xstate features 0x7, context size is 832 bytes, using 'standard' format.
[    0.000000] e820: BIOS-provided physical RAM map:
[    0.000000] BIOS-e820: [mem 0x0000000000000000-0x000000000009fbff] usable
[    0.000000] BIOS-e820: [mem 0x000000000009fc00-0x000000000009ffff] reserved
[    0.000000] BIOS-e820: [mem 0x00000000000f0000-0x00000000000fffff] reserved
[    0.000000] BIOS-e820: [mem 0x0000000000100000-0x000000007ffeffff] usable
[    0.000000] BIOS-e820: [mem 0x000000007fff0000-0x000000007fffffff] ACPI data
[    0.000000] BIOS-e820: [mem 0x00000000fec00000-0x00000000fec00fff] reserved
[    0.000000] BIOS-e820: [mem 0x00000000fee00000-0x00000000fee00fff] reserved
[    0.000000] BIOS-e820: [mem 0x00000000fffc0000-0x00000000ffffffff] reserved
[    0.000000] NX (Execute Disable) protection: active
[    0.000000] SMBIOS 2.5 present.
[    0.000000] DMI: innotek GmbH VirtualBox/VirtualBox, BIOS VirtualBox 12/01/2006
[    0.000000] Hypervisor detected: KVM
[    0.000000] e820: last_pfn = 0x7fff0 max_arch_pfn = 0x400000000
[    0.000000] MTRR: Disabled
[    0.000000] x86/PAT: MTRRs disabled, skipping PAT initialization too.
[    0.000000] x86/PAT: Configuration [0-7]: WB  WT  UC- UC  WB  WT  UC- UC  
[    0.000000] CPU MTRRs all blank - virtualized system.
[    0.000000] found SMP MP-table at [mem 0x0009fff0-0x0009ffff] mapped at [ffff9d0ac009fff0]
[    0.000000] Scanning 1 areas for low memory corruption
[    0.000000] RAMDISK: [mem 0x36949000-0x3749bfff]
[    0.000000] ACPI: Early table checksum verification disabled
[    0.000000] ACPI: RSDP 0x00000000000E0000 000024 (v02 VBOX  )
[    0.000000] ACPI: XSDT 0x000000007FFF0030 00003C (v01 VBOX   VBOXXSDT 00000001 ASL  00000061)
[    0.000000] ACPI: FACP 0x000000007FFF00F0 0000F4 (v04 VBOX   VBOXFACP 00000001 ASL  00000061)
[    0.000000] ACPI: DSDT 0x000000007FFF0470 0021C8 (v02 VBOX   VBOXBIOS 00000002 INTL 20100528)
[    0.000000] ACPI: FACS 0x000000007FFF0200 000040
[    0.000000] ACPI: FACS 0x000000007FFF0200 000040
[    0.000000] ACPI: APIC 0x000000007FFF0240 00005C (v02 VBOX   VBOXAPIC 00000001 ASL  00000061)
[    0.000000] ACPI: SSDT 0x000000007FFF02A0 0001CC (v01 VBOX   VBOXCPUT 00000002 INTL 20100528)
[    0.000000] No NUMA configuration found
[    0.000000] Faking a node at [mem 0x0000000000000000-0x000000007ffeffff]
[    0.000000] NODE_DATA(0) allocated [mem 0x7ffc5000-0x7ffeffff]
[    0.000000] kvm-clock: Using msrs 4b564d01 and 4b564d00
[    0.000000] kvm-clock: cpu 0, msr 0:7ff45001, primary cpu clock
[    0.000000] kvm-clock: using sched offset of 3691393153 cycles
[    0.000000] clocksource: kvm-clock: mask: 0xffffffffffffffff max_cycles: 0x1cd42e4dffb, max_idle_ns: 881590591483 ns
[    0.000000] Zone ranges:
[    0.000000]   DMA      [mem 0x0000000000001000-0x0000000000ffffff]
[    0.000000]   DMA32    [mem 0x0000000001000000-0x000000007ffeffff]
[    0.000000]   Normal   empty
[    0.000000]   Device   empty
[    0.000000] Movable zone start for each node
[    0.000000] Early memory node ranges
[    0.000000]   node   0: [mem 0x0000000000001000-0x000000000009efff]
[    0.000000]   node   0: [mem 0x0000000000100000-0x000000007ffeffff]
[    0.000000] Initmem setup node 0 [mem 0x0000000000001000-0x000000007ffeffff]
[    0.000000] ACPI: PM-Timer IO Port: 0x4008
[    0.000000] IOAPIC[0]: apic_id 2, version 32, address 0xfec00000, GSI 0-23
[    0.000000] ACPI: INT_SRC_OVR (bus 0 bus_irq 0 global_irq 2 dfl dfl)
[    0.000000] ACPI: INT_SRC_OVR (bus 0 bus_irq 9 global_irq 9 high level)
[    0.000000] Using ACPI (MADT) for SMP configuration information
[    0.000000] smpboot: Allowing 2 CPUs, 0 hotplug CPUs
[    0.000000] PM: Registered nosave memory: [mem 0x00000000-0x00000fff]
[    0.000000] PM: Registered nosave memory: [mem 0x0009f000-0x0009ffff]
[    0.000000] PM: Registered nosave memory: [mem 0x000a0000-0x000effff]
[    0.000000] PM: Registered nosave memory: [mem 0x000f0000-0x000fffff]
[    0.000000] e820: [mem 0x80000000-0xfebfffff] available for PCI devices
[    0.000000] Booting paravirtualized kernel on KVM
[    0.000000] clocksource: refined-jiffies: mask: 0xffffffff max_cycles: 0xffffffff, max_idle_ns: 7645519600211568 ns
[    0.000000] setup_percpu: NR_CPUS:8192 nr_cpumask_bits:2 nr_cpu_ids:2 nr_node_ids:1
[    0.000000] percpu: Embedded 36 pages/cpu @ffff9d0b3fc00000 s107992 r8192 d31272 u1048576
[    0.000000] PV qspinlock hash table entries: 256 (order: 0, 4096 bytes)
[    0.000000] Built 1 zonelists in Node order, mobility grouping on.  Total pages: 515961
[    0.000000] Policy zone: DMA32
[    0.000000] Kernel command line: BOOT_IMAGE=/boot/vmlinuz-4.10.0-26-generic root=LABEL=cloudimg-rootfs ro console=tty1 console=ttyS0
[    0.000000] PID hash table entries: 4096 (order: 3, 32768 bytes)
[    0.000000] Memory: 2030520K/2096696K available (9083K kernel code, 1666K rwdata, 3816K rodata, 2232K init, 2364K bss, 66176K reserved, 0K cma-reserved)
[    0.000000] SLUB: HWalign=64, Order=0-3, MinObjects=0, CPUs=2, Nodes=1
[    0.000000] Hierarchical RCU implementation.
[    0.000000] 	Build-time adjustment of leaf fanout to 64.
[    0.000000] 	RCU restricting CPUs from NR_CPUS=8192 to nr_cpu_ids=2.
[    0.000000] RCU: Adjusting geometry for rcu_fanout_leaf=64, nr_cpu_ids=2
[    0.000000] NR_IRQS:524544 nr_irqs:440 16
[    0.000000] Console: colour VGA+ 80x25
[    0.000000] console [tty1] enabled
[    0.000000] console [ttyS0] enabled
[    0.000000] tsc: Detected 2993.178 MHz processor
[    0.542198] Calibrating delay loop (skipped) preset value.. 5986.35 BogoMIPS (lpj=11972712)
[    0.555849] pid_max: default: 32768 minimum: 301
[    0.557075] ACPI: Core revision 20160930
[    0.558967] ACPI: 2 ACPI AML tables successfully acquired and loaded
[    0.565717] Security Framework initialized
[    0.572365] Yama: becoming mindful.
[    0.573328] AppArmor: AppArmor initialized
[    0.575933] Dentry cache hash table entries: 262144 (order: 9, 2097152 bytes)
[    0.579140] Inode-cache hash table entries: 131072 (order: 8, 1048576 bytes)
[    0.581417] Mount-cache hash table entries: 4096 (order: 3, 32768 bytes)
[    0.583105] Mountpoint-cache hash table entries: 4096 (order: 3, 32768 bytes)
[    0.591911] CPU: Physical Processor ID: 0
[    0.609311] CPU: Processor Core ID: 0
[    0.621749] mce: CPU supports 0 MCE banks
[    0.622836] Last level iTLB entries: 4KB 512, 2MB 8, 4MB 8
[    0.624281] Last level dTLB entries: 4KB 512, 2MB 32, 4MB 32, 1GB 0
[    0.625529] Freeing SMP alternatives memory: 32K
[    0.627703] ftrace: allocating 34179 entries in 134 pages
[    0.660277] smpboot: Max logical packages: 1
[    0.668641] x2apic enabled
[    0.674980] Switched APIC routing to physical x2apic.
[    0.685330] ..TIMER: vector=0x30 apic1=0 pin1=2 apic2=-1 pin2=-1
[    0.797660] APIC calibration not consistent with PM-Timer: 98ms instead of 100ms
[    0.805239] APIC delta adjusted to PM-Timer: 6250010 (6182806)
[    0.813458] smpboot: CPU0: Intel(R) Core(TM) i7-3540M CPU @ 3.00GHz (family: 0x6, model: 0x3a, stepping: 0x9)
[    0.831443] Performance Events: unsupported p6 CPU model 58 no PMU driver, software events only.
[    0.833676] KVM setup paravirtual spinlock
[    0.836358] smp: Bringing up secondary CPUs ...
[    0.839497] x86: Booting SMP configuration:
[    0.846249] .... node  #0, CPUs:      #1
[    0.846533] kvm-clock: cpu 1, msr 0:7ff45041, secondary cpu clock
[    0.873343] mce: CPU supports 0 MCE banks
[    0.885260] smp: Brought up 1 node, 2 CPUs
[    0.894165] smpboot: Total of 2 processors activated (11972.71 BogoMIPS)
[    0.897013] devtmpfs: initialized
[    0.898199] x86/mm: Memory block size: 128MB
[    0.900731] evm: security.selinux
[    0.901798] evm: security.SMACK64
[    0.903357] evm: security.SMACK64EXEC
[    0.904390] evm: security.SMACK64TRANSMUTE
[    0.905568] evm: security.SMACK64MMAP
[    0.916387] evm: security.ima
[    0.919191] evm: security.capability
[    0.930511] clocksource: jiffies: mask: 0xffffffff max_cycles: 0xffffffff, max_idle_ns: 7645041785100000 ns
[    0.933020] futex hash table entries: 512 (order: 3, 32768 bytes)
[    0.936657] pinctrl core: initialized pinctrl subsystem
[    0.938441] RTC time: 19:27:40, date: 07/02/17
[    0.946787] NET: Registered protocol family 16
[    0.966066] cpuidle: using governor ladder
[    0.982016] cpuidle: using governor menu
[    0.989570] PCCT header not found.
[    0.994293] ACPI: bus type PCI registered
[    1.012045] acpiphp: ACPI Hot Plug PCI Controller Driver version: 0.5
[    1.025593] PCI: Using configuration type 1 for base access
[    1.054362] HugeTLB registered 2 MB page size, pre-allocated 0 pages
[    1.074074] ACPI: Added _OSI(Module Device)
[    1.092605] ACPI: Added _OSI(Processor Device)
[    1.115327] ACPI: Added _OSI(3.0 _SCP Extensions)
[    1.153372] ACPI: Added _OSI(Processor Aggregator Device)
[    1.204202] ACPI: Executed 1 blocks of module-level executable AML code
[    1.236899] ACPI: Interpreter enabled
[    1.239367] ACPI: (supports S0 S5)
[    1.250195] ACPI: Using IOAPIC for interrupt routing
[    1.255370] PCI: Using host bridge windows from ACPI; if necessary, use "pci=nocrs" and report a bug
[    1.268852] ACPI: PCI Root Bridge [PCI0] (domain 0000 [bus 00-ff])
[    1.271687] acpi PNP0A03:00: _OSC: OS supports [ASPM ClockPM Segments MSI]
[    1.273221] acpi PNP0A03:00: _OSC failed (AE_NOT_FOUND); disabling ASPM
[    1.283646] acpi PNP0A03:00: fail to add MMCONFIG information, can't access extended PCI configuration space under this bridge.
[    1.298409] PCI host bridge to bus 0000:00
[    1.299830] pci_bus 0000:00: root bus resource [io  0x0000-0x0cf7 window]
[    1.303871] pci_bus 0000:00: root bus resource [io  0x0d00-0xffff window]
[    1.305657] pci_bus 0000:00: root bus resource [mem 0x000a0000-0x000bffff window]
[    1.307153] pci_bus 0000:00: root bus resource [mem 0x80000000-0xffdfffff window]
[    1.308593] pci_bus 0000:00: root bus resource [bus 00-ff]
[    1.318776] pci 0000:00:01.1: legacy IDE quirk: reg 0x10: [io  0x01f0-0x01f7]
[    1.328720] pci 0000:00:01.1: legacy IDE quirk: reg 0x14: [io  0x03f6]
[    1.332443] pci 0000:00:01.1: legacy IDE quirk: reg 0x18: [io  0x0170-0x0177]
[    1.356571] pci 0000:00:01.1: legacy IDE quirk: reg 0x1c: [io  0x0376]
[    1.403134] pci 0000:00:07.0: quirk: [io  0x4000-0x403f] claimed by PIIX4 ACPI
[    1.411067] pci 0000:00:07.0: quirk: [io  0x4100-0x410f] claimed by PIIX4 SMB
[    1.430297] ACPI: PCI Interrupt Link [LNKA] (IRQs 5 9 10 *11)
[    1.442089] ACPI: PCI Interrupt Link [LNKB] (IRQs 5 9 10 *11)
[    1.443272] ACPI: PCI Interrupt Link [LNKC] (IRQs 5 9 *10 11)
[    1.450305] ACPI: PCI Interrupt Link [LNKD] (IRQs 5 *9 10 11)
[    1.452445] ACPI: Enabled 2 GPEs in block 00 to 07
[    1.454654] SCSI subsystem initialized
[    1.455947] pci 0000:00:02.0: vgaarb: setting as boot VGA device
[    1.463491] pci 0000:00:02.0: vgaarb: VGA device added: decodes=io+mem,owns=io+mem,locks=none
[    1.475507] pci 0000:00:02.0: vgaarb: bridge control possible
[    1.476746] vgaarb: loaded
[    1.484723] ACPI: bus type USB registered
[    1.498624] usbcore: registered new interface driver usbfs
[    1.500118] usbcore: registered new interface driver hub
[    1.501991] usbcore: registered new device driver usb
[    1.504311] PCI: Using ACPI for IRQ routing
[    1.511391] NetLabel: Initializing
[    1.520731] NetLabel:  domain hash size = 128
[    1.528473] NetLabel:  protocols = UNLABELED CIPSOv4 CALIPSO
[    1.530190] NetLabel:  unlabeled traffic allowed by default
[    1.532572] clocksource: Switched to clocksource kvm-clock
[    1.546348] VFS: Disk quotas dquot_6.6.0
[    1.549976] VFS: Dquot-cache hash table entries: 512 (order 0, 4096 bytes)
[    1.562334] AppArmor: AppArmor Filesystem Enabled
[    1.570035] pnp: PnP ACPI init
[    1.572134] pnp: PnP ACPI: found 3 devices
[    1.591197] clocksource: acpi_pm: mask: 0xffffff max_cycles: 0xffffff, max_idle_ns: 2085701024 ns
[    1.610357] NET: Registered protocol family 2
[    1.622299] TCP established hash table entries: 16384 (order: 5, 131072 bytes)
[    1.642853] TCP bind hash table entries: 16384 (order: 6, 262144 bytes)
[    1.680098] TCP: Hash tables configured (established 16384 bind 16384)
[    1.691709] UDP hash table entries: 1024 (order: 3, 32768 bytes)
[    1.701644] UDP-Lite hash table entries: 1024 (order: 3, 32768 bytes)
[    1.705507] NET: Registered protocol family 1
[    1.713156] pci 0000:00:00.0: Limiting direct PCI/PCI transfers
[    1.722810] pci 0000:00:01.0: Activating ISA DMA hang workarounds
[    1.749879] pci 0000:00:02.0: Video device with shadowed ROM at [mem 0x000c0000-0x000dffff]
[    1.754173] Unpacking initramfs...
[    3.618125] Freeing initrd memory: 11596K
[    3.621906] platform rtc_cmos: registered platform RTC device (no PNP device found)
[    3.638368] Scanning for low memory corruption every 60 seconds
[    3.640327] audit: initializing netlink subsys (disabled)
[    3.670345] audit: type=2000 audit(1499023667.219:1): initialized
[    3.670694] Initialise system trusted keyrings
[    3.670822] workingset: timestamp_bits=36 max_order=19 bucket_order=0
[    3.673019] zbud: loaded
[    3.673553] squashfs: version 4.0 (2009/01/31) Phillip Lougher
[    3.673744] fuse init (API version 7.26)
[    3.674442] Key type asymmetric registered
[    3.674443] Asymmetric key parser 'x509' registered
[    3.674470] Block layer SCSI generic (bsg) driver version 0.4 loaded (major 248)
[    3.674494] io scheduler noop registered
[    3.674494] io scheduler deadline registered
[    3.674500] io scheduler cfq registered (default)
[    3.725317] ACPI: AC Adapter [AC] (on-line)
[    3.738067] input: Power Button as /devices/LNXSYSTM:00/LNXPWRBN:00/input/input0
[    3.754417] ACPI: Power Button [PWRF]
[    3.768185] input: Sleep Button as /devices/LNXSYSTM:00/LNXSLPBN:00/input/input1
[    3.778545] ACPI: Sleep Button [SLPF]
[    3.788413] ACPI: Battery Slot [BAT0] (battery present)
[    3.797960] GHES: HEST is not enabled!
[    3.800118] Serial: 8250/16550 driver, 32 ports, IRQ sharing enabled
[    3.841337] 00:02: ttyS0 at I/O 0x3f8 (irq = 4, base_baud = 115200) is a 16550A
[    3.887727] Linux agpgart interface v0.103
[    3.905231] loop: module loaded
[    3.913250] scsi host0: ata_piix
[    3.914218] scsi host1: ata_piix
[    3.915196] ata1: PATA max UDMA/33 cmd 0x1f0 ctl 0x3f6 bmdma 0xd000 irq 14
[    3.916836] ata2: PATA max UDMA/33 cmd 0x170 ctl 0x376 bmdma 0xd008 irq 15
[    3.921231] libphy: Fixed MDIO Bus: probed
[    3.925127] tun: Universal TUN/TAP device driver, 1.6
[    3.926390] tun: (C) 1999-2004 Max Krasnyansky <maxk@qualcomm.com>
[    3.937533] PPP generic driver version 2.4.2
[    3.938796] ehci_hcd: USB 2.0 'Enhanced' Host Controller (EHCI) Driver
[    3.962073] ehci-pci: EHCI PCI platform driver
[    3.974796] ehci-platform: EHCI generic platform driver
[    3.985792] ohci_hcd: USB 1.1 'Open' Host Controller (OHCI) Driver
[    3.996893] ohci-pci: OHCI PCI platform driver
[    3.998420] ohci-platform: OHCI generic platform driver
[    4.000047] uhci_hcd: USB Universal Host Controller Interface driver
[    4.015286] i8042: PNP: PS/2 Controller [PNP0303:PS2K,PNP0f03:PS2M] at 0x60,0x64 irq 1,12
[    4.023383] serio: i8042 KBD port at 0x60,0x64 irq 1
[    4.024713] serio: i8042 AUX port at 0x60,0x64 irq 12
[    4.026144] mousedev: PS/2 mouse device common for all mice
[    4.036661] input: AT Translated Set 2 keyboard as /devices/platform/i8042/serio0/input/input2
[    4.039367] rtc_cmos rtc_cmos: rtc core: registered rtc_cmos as rtc0
[    4.042528] rtc_cmos rtc_cmos: alarms up to one day, 114 bytes nvram
[    4.058057] i2c /dev entries driver
[    4.065448] device-mapper: uevent: version 1.0.3
[    4.069065] device-mapper: ioctl: 4.35.0-ioctl (2016-06-23) initialised: dm-devel@redhat.com
[    4.072921] ledtrig-cpu: registered to indicate activity on CPUs
[    4.075041] NET: Registered protocol family 10
[    4.090039] Segment Routing with IPv6
[    4.104212] NET: Registered protocol family 17
[    4.105563] Key type dns_resolver registered
[    4.107351] registered taskstats version 1
[    4.115027] Loading compiled-in X.509 certificates
[    4.130860] Loaded X.509 cert 'Build time autogenerated kernel key: eae8fa5ee6c91603c031c81226b2df4b135df7d2'
[    4.140107] zswap: loaded using pool lzo/zbud
[    4.157479] Key type big_key registered
[    4.176051] Key type trusted registered
[    4.184043] Key type encrypted registered
[    4.186476] AppArmor: AppArmor sha1 policy hashing enabled
[    4.190552] ima: No TPM chip found, activating TPM-bypass! (rc=-19)
[    4.198619] evm: HMAC attrs: 0x1
[    4.199539]   Magic number: 9:98:495
[    4.206196] rtc_cmos rtc_cmos: setting system clock to 2017-07-02 19:27:43 UTC (1499023663)
[    4.208205] BIOS EDD facility v0.16 2004-Jun-25, 0 devices found
[    4.218999] EDD information not available.
[    4.224391] Freeing unused kernel memory: 2232K
[    4.234591] Write protecting the kernel read-only data: 14336k
[    4.251157] Freeing unused kernel memory: 1140K
[    4.259581] Freeing unused kernel memory: 280K
[    4.285483] x86/mm: Checked W+X mappings: passed, no W+X pages found.
Loading, please wait...
starting version[    4.308445] random: systemd-udevd: uninitialized urandom read (16 bytes read)
 232
[    4.322980] random: systemd-udevd: uninitialized urandom read (16 bytes read)
[    4.323957] random: udevadm: uninitialized urandom read (16 bytes read)
[    4.323989] random: udevadm: uninitialized urandom read (16 bytes read)
[    4.324489] random: udevadm: uninitialized urandom read (16 bytes read)
[    4.324536] random: udevadm: uninitialized urandom read (16 bytes read)
[    4.324547] random: udevadm: uninitialized urandom read (16 bytes read)
[    4.324791] random: udevadm: uninitialized urandom read (16 bytes read)
[    4.324884] random: udevadm: uninitialized urandom read (16 bytes read)
[    4.324926] random: udevadm: uninitialized urandom read (16 bytes read)
[    4.446037] e1000: Intel(R) PRO/1000 Network Driver - version 7.3.21-k8-NAPI
[    4.462157] e1000: Copyright (c) 1999-2006 Intel Corporation.
[    4.467242] Fusion MPT base driver 3.04.20
[    4.475552] Copyright (c) 1999-2008 LSI Corporation
[    4.496544] Fusion MPT SPI Host driver 3.04.20
[    4.520883] AVX version of gcm_enc/dec engaged.
[    4.615142] AES CTR mode by8 optimization enabled
[    4.659620] tsc: Refined TSC clocksource calibration: 2993.235 MHz
[    4.681934] clocksource: tsc: mask: 0xffffffffffffffff max_cycles: 0x2b254ed41f1, max_idle_ns: 440795353377 ns
[    4.738000] input: ImExPS/2 Generic Explorer Mouse as /devices/platform/i8042/serio1/input/input4
[    4.948259] e1000 0000:00:03.0 eth0: (PCI:33MHz:32-bit) 02:62:6c:ae:1f:7b
[    4.964778] e1000 0000:00:03.0 eth0: Intel(R) PRO/1000 Network Connection
[    4.967537] e1000 0000:00:03.0 enp0s3: renamed from eth0
[    4.985000] mptbase: ioc0: Initiating bringup
[    5.092922] ioc0: LSI53C1030 A0: Capabilities={Initiator}
[    5.363012] scsi host2: ioc0: LSI53C1030 A0, FwRev=00000000h, Ports=1, MaxQ=256, IRQ=20
[    5.541731] scsi 2:0:0:0: Direct-Access     VBOX     HARDDISK         1.0  PQ: 0 ANSI: 5
[    5.563594] scsi target2:0:0: Beginning Domain Validation
[    5.568795] scsi target2:0:0: Domain Validation skipping write tests
[    5.573495] scsi target2:0:0: Ending Domain Validation
[    5.575360] scsi target2:0:0: asynchronous
[    5.606915] scsi 2:0:1:0: Direct-Access     VBOX     HARDDISK         1.0  PQ: 0 ANSI: 5
[    5.615955] scsi target2:0:1: Beginning Domain Validation
[    5.625411] scsi target2:0:1: Domain Validation skipping write tests
[    5.628577] scsi target2:0:1: Ending Domain Validation
[    5.666375] scsi target2:0:1: asynchronous
[    5.711722] random: fast init done
[    5.747071] sd 2:0:0:0: [sda] 20971520 512-byte logical blocks: (10.7 GB/10.0 GiB)
[    5.758693] sd 2:0:0:0: [sda] Write Protect is off
[    5.758912] sd 2:0:0:0: Attached scsi generic sg0 type 0
[    5.784941] sd 2:0:1:0: Attached scsi generic sg1 type 0
[    5.785369] sd 2:0:1:0: [sdb] 20480 512-byte logical blocks: (10.5 MB/10.0 MiB)
[    5.785438] sd 2:0:1:0: [sdb] Write Protect is off
[    5.785575] sd 2:0:1:0: [sdb] Incomplete mode parameter data
[    5.785576] sd 2:0:1:0: [sdb] Assuming drive cache: write through
[    5.790175] sd 2:0:1:0: [sdb] Attached SCSI disk
[    5.836830] sd 2:0:0:0: [sda] Incomplete mode parameter data
[    5.854393] sd 2:0:0:0: [sda] Assuming drive cache: write through
[    5.860239]  sda: sda1
[    5.862003] sd 2:0:0:0: [sda] Attached SCSI disk
[    7.721164] floppy0: no floppy controllers found
Begin: Loading essential drivers ... [    9.148633] raid6: sse2x1   gen()  4093 MB/s
[    9.197084] raid6: sse2x1   xor()  6958 MB/s
[    9.260754] raid6: sse2x2   gen() 10827 MB/s
[    9.312648] raid6: sse2x2   xor()  7525 MB/s
[    9.373017] raid6: sse2x4   gen() 12893 MB/s
[    9.421103] raid6: sse2x4   xor()  9786 MB/s
[    9.426293] raid6: using algorithm sse2x4 gen() 12893 MB/s
[    9.433927] raid6: .... xor() 9786 MB/s, rmw enabled
[    9.442944] raid6: using ssse3x2 recovery algorithm
[    9.450844] xor: automatically using best checksumming function   avx       
[    9.486300] async_tx: api initialized (async)
done.
Begin: Running /scripts/init-p[    9.587003] Btrfs loaded, crc32c=crc32c-intel
remount ... done.
Begin: Mounting root file system ... Begin: Running /scripts/local-top ... done.
Begin: Running /scripts/local-premount ... Scanning for Btrfs filesystems
done.
Warning: fsck not present, so skipping root file system
[    9.623762] EXT4-fs (sda1): mounted filesystem with ordered data mode. Opts: (null)
done.
Begin: Running /scripts/local-bottom ... done.
Begin: Running /scripts/init-bottom ... /scripts/init-bottom/plymouth: line 18: /bin/plymouth: not found
done.
[    9.775841] ip_tables: (C) 2000-2006 Netfilter Core Team
[    9.794164] systemd[1]: systemd 232 running in system mode. (+PAM +AUDIT +SELINUX +IMA +APPARMOR +SMACK +SYSVINIT +UTMP +LIBCRYPTSETUP +GCRYPT +GNUTLS +ACL +XZ +LZ4 +SECCOMP +BLKID +ELFUTILS +KMOD +IDN)
[    9.830664] systemd[1]: Detected virtualization oracle.
[    9.845728] systemd[1]: Detected architecture x86-64.

Welcome to [1mUbuntu 17.04[0m!

[    9.872701] systemd[1]: Set hostname to <ubuntu>.
[    9.881175] systemd[1]: Initializing machine ID from random generator.
[    9.893358] systemd[1]: Installed transient /etc/machine-id file.
[   10.128927] systemd[1]: Created slice System Slice.
[[0;32m  OK  [0m] Created slice System Slice.
[   10.177898] systemd[1]: Mounting POSIX Message Queue File System...
         Mounting POSIX Message Queue File System...
[   10.232951] systemd[1]: Listening on Journal Socket.
[[0;32m  OK  [0m] Listening on Journal Socket.
[   10.272183] systemd[1]: Starting Load Kernel Modules...
         Starting Load Kernel Mo[   10.295919] Loading iSCSI transport class v2.0-870.
dules...
         Startin[   10.315058] iscsi: registered transport (tcp)
g Nameserver information manager...
[   10.361508] iscsi: registered transport (iser)
         Starting Uncomplicated firewall...
[[0;32m  OK  [0m] Started Forward Password Requests to Wall Directory Watch.
[[0;32m  OK  [0m] Listening on /dev/initctl Compatibility Named Pipe.
[[0;32m  OK  [0m] Set up automount Arbitrary Executab…rmats File System Automount Point.
[[0;32m  OK  [0m] Created slice User and Session Slice.
[[0;32m  OK  [0m] Reached target Slices.
         Starting Remount Root and Kernel File Systems...
[[0;32m  OK  [0[   10.481004] EXT4-fs (sda1): re-mounted. Opts: (null)
m] Listening on LVM2 poll daemon socket.
         Mounting Huge Pages File System...
[[0;32m  OK  [0m] Reached target User and Group Name Lookups.
[[0;32m  OK  [0m] Listening on Syslog Socket.
[[0;32m  OK  [0m] Listening on Device-mapper event daemon FIFOs.
[[0;32m  OK  [0m] Created slice system-serial\x2dgetty.slice.
[[0;32m  OK  [0m] Listening on LVM2 metadata daemon socket.
         Starting Monitoring of LVM2 mirrors…ng dmeventd or progress polling...
[[0;32m  OK  [0m] Listening on udev Control Socket.
[[0;32m  OK  [0m] Listening on udev Kernel Socket.
         Mounting Debug File System...
[[0;32m  OK  [0m] Listening on Journal Audit Socket.
         Starting Create list of required st…ce nodes for the current kernel...
         Starting Set the console keyboard layout...
[[0;32m  OK  [0m] Listening on Journal Socket (/dev/log).
         Starting Journal Service...
[[0;32m  OK  [0m] Reached target Swap.
[[0;32m  OK  [0m] Mounted Huge Pages File System.
[[0;32m  OK  [0m] Mounted POSIX Message Queue File System.
[[0;32m  OK  [0m] Mounted Debug File System.
[[0;32m  OK  [0m] Started Journal Service.
[[0;32m  OK  [0m] Started Load Kernel Modules.
[[0;32m  OK  [0m] Started Uncomplicated firewall.
[[0;32m  OK  [0m] Started Remount Root and Kernel File Systems.
[[0;32m  OK  [0m] Started Create list of required sta…vice nodes for the current kernel.
[[0;32m  OK  [0m] Started Nameserver information manager.
[[0;32m  OK  [0m] Started LVM2 metadata daemon.
         Starting Create Static Device Nodes in /dev...
         Starting Load/Save Random Seed...
         Starting udev Coldplug all Devices...
         Starting Initial cloud-init job (pre-networking)...
         Mounting FUSE Control File System...
         Starting Apply Kernel Variables...
         Mounting Configuration File System...
         Starting Flush Journal to Persistent Storage...
[[0;32m  OK  [0m] Mounted Configuration File System.
[[0;32m  OK  [0m] Mounted FUSE Control File System.
[[0;32m  OK  [0m] Started Monitoring of LVM2 mirrors,…sing dmeventd or progress polling.
[[0;32m  OK  [0m] Started Create Static Device Nodes in /dev.
[[0;32m  OK  [0m] Started Load/Save Random Seed.
[[0;32m  OK  [0m] Started Apply Kernel Variables.
         Starting udev Kernel Device Manager...
[[0;32m  OK  [0m] Started udev Coldplug all Devices.
[[0;32m  OK  [0m] Started Flush Journal to Persistent Storage.
[[0;32m  OK  [0m] Started udev Kernel Device Manager.
[[0;32m  OK  [0m] Found device /dev/ttyS0.
[[0;32m  OK  [0m] Listening on Load/Save RF Kill Switch Status /dev/rfkill Watch.
[   12.259356] cloud-init[469]: Cloud-init v. 0.7.9 running 'init-local' at Sun, 02 Jul 2017 19:27:52 +0000. Up 11.93 seconds.
[[0;32m  OK  [0m] Started Initial cloud-init job (pre-networking).
[[0;32m  OK  [0m] Started Set the console keyboard layout.
[[0;32m  OK  [0m] Reached target Local File Systems (Pre).
[[0;32m  OK  [0m] Reached target Local File Systems.
         Starting AppArmor initialization...
         Starting Tell Plymouth To Write Out Runtime Data...
         Starting Set console font and keymap...
         Starting Commit a transient machine-id on disk...
         Starting Create Volatile Files and Directories...
         Starting ebtables ruleset management...
[[0;32m  OK  [0m] Started Dispatch Password Requests to Console Directory Watch.
[[0;32m  OK  [0m] Reached target Encrypted Volumes.
[[0;32m  OK  [0m] Started Tell Plymouth To Write Out Runtime Data.
[[0;32m  OK  [0m] Started Set console font and keymap.
[[0;32m  OK  [0m] Started Commit a transient machine-id on disk.
[[0;32m  OK  [0m] Started Create Volatile Files and Directories.
         Starting Update UTMP about System Boot/Shutdown...
[[0;32m  OK  [0m] Reached target System Time Synchronized.
[[0;32m  OK  [0m] Started ebtables ruleset management.
[[0;32m  OK  [0m] Reached target Network (Pre).
[[0;32m  OK  [0m] Started Update UTMP about System Boot/Shutdown.
[[0;32m  OK  [0m] Started AppArmor initialization.
         Starting Raise network interfaces...
[[0;32m  OK  [0m] Started Raise network interfaces.
[[0;32m  OK  [0m] Reached target Network.
         Starting Initial cloud-init job (metadata service crawler)...
[   16.290065] cloud-init[1031]: Cloud-init v. 0.7.9 running 'init' at Sun, 02 Jul 2017 19:27:55 +0000. Up 15.18 seconds.
[   16.315821] cloud-init[1031]: ci-info: +++++++++++++++++++++++++++++Net device info++++++++++++++++++++++++++++++
[   16.325638] cloud-init[1031]: ci-info: +---------+------+-----------+---------------+-------+-------------------+
[[0;32m  OK  [0m] Started Initial cloud-init job (metadata service crawler).
[   16.361429] cloud-init[1031]: ci-info: |  Device |  Up  |  Address  |      Mask     | Scope |     Hw-Address    |
[   16.432440] cloud-init[1031]: ci-info: +---------+------+-----------+---------------+-------+-------------------+
[   16.460512] cloud-init[1031]: ci-info: | enp0s3: | True | 10.0.2.15 | 255.255.255.0 |   .   | 02:62:6c:ae:1f:7b |
[[0;32m  OK  [0m] Reached target System Initialization.
[[0;32m  OK  [0m] Listening on UUID daemon activation socket.
[[0;32m  OK  [0m] Listening on D-Bus System Message Bus Socket.
[   16.499939] cloud-init[1031]: ci-info: | enp0s3: | True |     .     |       .       |   d   | 02:62:6c:ae:1f:7b |
[   16.628655] cloud-init[1031]: ci-info: |   lo:   | True | 127.0.0.1 |   255.0.0.0   |   .   |         .         |
[   16.672598] cloud-init[1031]: ci-info: |   lo:   | True |     .     |       .       |   d   |         .         |
[   16.720854] cloud-init[1031]: ci-info: +---------+------+-----------+---------------+-------+-------------------+
         [   16.748648] cloud-init[1031]: ci-info: +++++++++++++++++++++++++++Route IPv4 info++++++++++++++++++++++++++++
[   16.748732] cloud-init[1031]: ci-info: +-------+-------------+----------+---------------+-----------+-------+
[   16.748805] cloud-init[1031]: ci-info: | Route | Destination | Gateway  |    Genmask    | Interface | Flags |
[   16.748869] cloud-init[1031]: ci-info: +-------+-------------+----------+---------------+-----------+-------+
[   16.748932] cloud-init[1031]: ci-info: |   0   |   0.0.0.0   | 10.0.2.2 |    0.0.0.0    |   enp0s3  |   UG  |
[   16.748999] cloud-init[1031]: ci-info: |   1   |   10.0.2.0  | 0.0.0.0  | 255.255.255.0 |   enp0s3  |   U   |
[   16.749063] cloud-init[1031]: ci-info: +-------+-------------+----------+---------------+-----------+-------+
[   16.749124] cloud-init[1031]: Generating public/private rsa key pair.
[   16.749185] cloud-init[1031]: Your identification has been saved in /etc/ssh/ssh_host_rsa_key.
[   16.749247] cloud-init[1031]: Your public key has been saved in /etc/ssh/ssh_host_rsa_key.pub.
[   16.749309] cloud-init[1031]: The key fingerprint is:
[   16.749422] cloud-init[1031]: SHA256:tXO1/+g9DnxSizwvY4u0stLWI75/beOjsYqFWfde6xA root@ubuntu-zesty
[   16.749541] cloud-init[1031]: The key's randomart image is:
[   16.749656] cloud-init[1031]: +---[RSA 2048]----+
[   16.749774] cloud-init[1031]: |                 |
[   16.749894] cloud-init[1031]: |                 |
[   16.749983] cloud-init[1031]: |          .   .  |
[   16.750046] cloud-init[1031]: |         . . . . |
[   16.750159] cloud-init[1031]: |        S o..E.. |
[   16.750231] cloud-init[1031]: |          +o+ =..|
[   16.750313] cloud-init[1031]: |        .o.o X.+o|
[   16.750397] cloud-init[1031]: |       . =+oo=@O+|
[   16.750519] cloud-init[1031]: |        +=*===%B*|
[   16.750625] cloud-init[1031]: +----[SHA256]-----+
[   16.750704] cloud-init[1031]: Generating public/private dsa key pair.
[   16.750774] cloud-init[1031]: Your identification has been saved in /etc/ssh/ssh_host_dsa_key.
[   16.750874] cloud-init[1031]: Your public key has been saved in /etc/ssh/ssh_host_dsa_key.pub.
[   16.750939] cloud-init[1031]: The key fingerprint is:
[   16.751000] cloud-init[1031]: SHA256:bwD20eDa23hwBGW7j9ZIjXhGXKSP1VZ1+zv0IIMwFSM root@ubuntu-zesty
[   16.751064] cloud-init[1031]: The key's randomart image is:
[   16.751129] cloud-init[1031]: +---[DSA 1024]----+
[   16.751192] cloud-init[1031]: |        E.*oo   =|
[   16.751264] cloud-init[1031]: |       . O = . .o|
[   16.751327] cloud-init[1031]: |      o = B . o. |
[   16.751393] cloud-init[1031]: |     . = B O .  .|
[   16.751454] cloud-init[1031]: |      . S X = ...|
[   16.751515] cloud-init[1031]: |         % = o..o|
[   16.751578] cloud-init[1031]: |        o O o  o.|
[   16.751639] cloud-init[1031]: |         +      .|
Starting LXD - unix socket.
[[0;32m  OK  [0m] Started Daily Cleanup of Temporary Directories.
[   16.752352] cloud-init[1031]: |                 |
[[0;32m  OK  [0m] Started ACPI Events Check.
[[0;32m  OK  [0m] Reached target Paths.
[[0;32m  OK  [0m] Started Timer to automatically refresh installed snaps.
[[0;32m  OK  [0m] Listening on ACPID Listen Socket.
[   17.533234] cloud-init[1031]: +----[SHA256]-----+
[   17.616514] cloud-init[1031]: Generating public/private ecdsa key pair.
[   17.692562] cloud-init[1031]: Your identification has been saved in /etc/ssh/ssh_host_ecdsa_key.
         Starting Socket activation for snappy daemon.
[[0;32m  OK  [0m] Started Daily apt activities.
[[0;32m  OK  [0m] Started Message of the Day.
[[0;32m  OK  [0m] Reached target Timers.
[[0;32m  OK  [0m] Reached target Cloud-config availability.
[[0;32m  OK  [0m] Listening on LXD - unix socket.
[[   17.800939] cloud-init[1031]: Your public key has been saved in /etc/ssh/ssh_host_ecdsa_key.pub.
[   18.052895] cloud-init[1031]: The key fingerprint is:
[   18.053026] cloud-init[1031]: SHA256:RbDvI3olUNcCmYWsvajFzRaFGJ1zvh9LGoRXHjlr5oM root@ubuntu-zesty
[   18.053146] cloud-init[1031]: The key's randomart image is:
[   18.053264] cloud-init[1031]: +---[ECDSA 256]---+
[   18.053416] cloud-init[1031]: |      .=oXo. .   |
[   18.053526] cloud-init[1031]: |      . @o= *    |
[   18.053651] cloud-init[1031]: |       +.B.+ +   |
[   18.053772] cloud-init[1031]: |      o +o+ =    |
[   18.053895] cloud-init[1031]: |     . =S=.*     |
[   18.054017] cloud-init[1031]: |      + *.E =    |
[   18.054153] cloud-init[1031]: |     o ..oo= +   |
[   18.054257] cloud-init[1031]: |    .  .....o    |
[   18.054380] cloud-init[1031]: |      ..         |
[   18.054504] cloud-init[1031]: +----[SHA256]-----+
[   18.054624] cloud-init[1031]: Generating public/private ed25519 key pair.
[   18.054735] cloud-init[1031]: Your identification has been saved in /etc/ssh/ssh_host_ed25519_key.
[   18.054854] cloud-init[1031]: Your public key has been saved in /etc/ssh/ssh_host_ed25519_key.pub.
[   18.054959] cloud-init[1031]: The key fingerprint is:
[   18.055078] cloud-init[1031]: SHA256:Mvdt/JcjMHjWmnvD0Ey3hbQHwUNwCRsxLHMlxpq+bQw root@ubuntu-zesty
[   18.055199] cloud-init[1031]: The key's randomart image is:
[   18.055322] cloud-init[1031]: +--[ED25519 256]--+
[   18.055441] cloud-init[1031]: |           oOB=o |
[   18.055567] cloud-init[1031]: |          o.+**  |
[   18.055691] cloud-init[1031]: |           *.. = |
[   18.055813] cloud-init[1031]: |          o  .o.o|
[   18.055930] cloud-init[1031]: |      o S.. = ..o|
[   18.056063] cloud-init[1031]: |       + oEO + . |
[   18.056173] cloud-init[1031]: |          +=@   .|
[   18.056292] cloud-init[1031]: |          .++* o.|
[   18.056406] cloud-init[1031]: |           oo +..|
[0;32m  OK  [0m] Listening on Socket activation for snappy daemon.
[[0;32m  OK  [0m] Reached target Sockets.
[[0;32m  OK  [0m] Reached target Basic System.
         Starting LXD - container startup/shutdown...
[   18.056698] cloud-init[1031]: +----[SHA256]-----+
[[0;32m  OK  [0m] Started D-Bus System Message Bus.
         Starting Login Service...
         Starting System Logging Service...
[[0;32m  OK  [0m] Started Regular background program processing daemon.
[[0;32m  OK  [0m] Started FUSE filesystem for LXC.
[[0;32m  OK  [0m] Started Unattended Upgrades Shutdown.
         Starting LSB: Record successful boot for GRUB...
[[0;32m  OK  [0m] Started Snappy daemon.
[[0;32m  OK  [0m] Started Deferred execution scheduler.
         Starting Accounts Service...
[[0;32m  OK  [0m] Started ACPI event daemon.
         Starting Auto import assertions from block devices...
         Starting Network Name Resolution...
[[0;32m  OK  [0m] Started System Logging Service.
[[0;32m  OK  [0m] Started LXD - container startup/shutdown.
[[0;32m  OK  [0m] Started Auto import assertions from block devices.
[[0;32m  OK  [0m] Started Login Service.
         Starting Authorization Manager...
[[0;32m  OK  [0m] Started Authorization Manager.
[[0;32m  OK  [0m] Started LSB: Record successful boot for GRUB.
[[0;32m  OK  [0m] Started Accounts Service.
[[0;32m  OK  [0m] Started Network Name Resolution.
[[0;32m  OK  [0m] Reached target Network is Online.
         Starting Apply the settings specified in cloud-config...
         Starting Pollinate to seed the pseudo random number generator...
         Starting iSCSI initiator daemon (iscsid)...
[[0;32m  OK  [0m] Started iSCSI initiator daemon (iscsid).
         Starting Login to default iSCSI targets...
[[0;32m  OK  [0m] Started Login to default iSCSI targets.
[[0;32m  OK  [0m] Reached target Remote File Systems (Pre).
[[0;32m  OK  [0m] Reached target Remote File Systems.
         Starting LSB: daemon to balance interrupts for SMP systems...
         Starting LSB: automatic crash report generation...
         Starting Permit User Sessions...
         Starting LSB: VirtualBox Linux Additions...
[[0;32m  OK  [0m] Started Permit User Sessions.
         Starting Terminate Plymouth Boot Screen...
         Starting Hold until boot process finishes up...
[[0;32m  OK  [0m] Started Terminate Plymouth Boot Screen.
[[0;32m  OK  [0m] Started Hold until boot process finishes up.
         Starting Set console scheme...
[[0;32m  OK  [0m] Started Serial Getty on ttyS0.
[[0;32m  OK  [0m] Started Set console scheme.
[[0;32m  OK  [0m] Started LSB: automatic crash report generation.
[[0;32m  OK  [0m] Started LSB: daemon to balance interrupts for SMP systems.
[[0;32m  OK  [0m] Created slice system-getty.slice.
[[0;32m  OK  [0m] Started Getty on tty1.
[[0;32m  OK  [0m] Reached target Login Prompts.
[[0;32m  OK  [0m] Started LSB: VirtualBox Linux Additions.
[[0;32m  OK  [0m] Started Pollinate to seed the pseudo random number generator.
         Starting OpenBSD Secure Shell server...
[[0;32m  OK  [0m] Started OpenBSD Secure Shell server.
[[0;32m  OK  [0m] Reached target Multi-User System.
[[0;32m  OK  [0m] Reached target Graphical Interface.
         Starting Update UTMP about System Runlevel Changes...
[[0;32m  OK  [0m] Started Update UTMP about System Runlevel Changes.
[   22.390245] cloud-init[1368]: Generating locales (this might take a while)...
[   23.831228] cloud-init[1368]:   en_US.UTF-8... done
[   23.835379] cloud-init[1368]: Generation complete.
         Stopping OpenBSD Secure Shell server...
[[0;32m  OK  [0m] Stopped OpenBSD Secure Shell server.
         Starting OpenBSD Secure Shell server...
[[0;32m  OK  [0m] Started OpenBSD Secure Shell server.
[[0;32m  OK  [0m] Created slice User Slice of ubuntu.
         Starting User Manager for UID 1000...
[[0;32m  OK  [0m] Started Session 1 of user ubuntu.
[[0;32m  OK  [0m] Started User Manager for UID 1000.
[   24.385679] cloud-init[1368]: Cloud-init v. 0.7.9 running 'modules:config' at Sun, 02 Jul 2017 19:28:02 +0000. Up 22.22 seconds.
[[0;32m  OK  [0m] Started Apply the settings specified in cloud-config.
         Starting Execute cloud user/final scripts...
ci-info: no authorized ssh keys fingerprints found for user ubuntu.
<14>Jul  2 19:28:05 ec2: 
<14>Jul  2 19:28:05 ec2: #############################################################
<14>Jul  2 19:28:05 ec2: -----BEGIN SSH HOST KEY FINGERPRINTS-----
<14>Jul  2 19:28:05 ec2: 1024 SHA256:bwD20eDa23hwBGW7j9ZIjXhGXKSP1VZ1+zv0IIMwFSM root@ubuntu-zesty (DSA)
<14>Jul  2 19:28:05 ec2: 256 SHA256:RbDvI3olUNcCmYWsvajFzRaFGJ1zvh9LGoRXHjlr5oM root@ubuntu-zesty (ECDSA)
<14>Jul  2 19:28:05 ec2: 256 SHA256:Mvdt/JcjMHjWmnvD0Ey3hbQHwUNwCRsxLHMlxpq+bQw root@ubuntu-zesty (ED25519)
<14>Jul  2 19:28:05 ec2: 2048 SHA256:tXO1/+g9DnxSizwvY4u0stLWI75/beOjsYqFWfde6xA root@ubuntu-zesty (RSA)
<14>Jul  2 19:28:05 ec2: -----END SSH HOST KEY FINGERPRINTS-----
<14>Jul  2 19:28:05 ec2: #############################################################
-----BEGIN SSH HOST KEY KEYS-----
ecdsa-sha2-nistp256 AAAAE2VjZHNhLXNoYTItbmlzdHAyNTYAAAAIbmlzdHAyNTYAAABBBEE1nWJSIUOerRqPgDSBXGPkMPlccssFsnZ7fnyNl+oLLyA5GLAqoHtY1nc7mCkA9AH0wjf2JV3nRlZo4WMPJBU= root@ubuntu-zesty
ssh-ed25519 AAAAC3NzaC1lZDI1NTE5AAAAIPuuny/gJxI+YIWZ4b0fYcyNlqzYOrI1eU+JiLmA8zwc root@ubuntu-zesty
ssh-rsa AAAAB3NzaC1yc2EAAAADAQABAAABAQDzkG+Hx6nVSWugTi7l8YD/9JNz8nGPq/41Hq48K6xYM9yty22506krizX2cwoDijGv6WdMWTjuHP84Cl+QNtmmrjfZSWVYShshBWEBMyQbGbuMr2syOBTK7sYd8YxgGHTtUzQ2YKfqRtKpiRbCXeXnO6lgtJr5o11DL8EAogGs8FdIGukv0hMyQSY31Q3G4yQB/idKqlO+rmeHFaAOYS3J1Zm0cFQkE5wcD59SvRgwVfOH9z4G8EpmCTCDSXTktG8ZAgqmRsU8rJC7e7aHpAhHWM4aqhzWWi3vg0HeScJvhUOO5aRwiG8zjb2o/A1gWhdp61VGrjXRpxKCw73leLXf root@ubuntu-zesty
-----END SSH HOST KEY KEYS-----
[   25.848102] cloud-init[1711]: Cloud-init v. 0.7.9 running 'modules:final' at Sun, 02 Jul 2017 19:28:05 +0000. Up 25.23 seconds.
[   25.931378] cloud-init[1711]: ci-info: no authorized ssh keys fingerprints found for user ubuntu.
[   25.972577] cloud-init[1711]: Cloud-init v. 0.7.9 finished at Sun, 02 Jul 2017 19:28:06 +0000. Datasource DataSourceNoCloud [seed=/dev/sdb][dsmode=net].  Up 25.83 seconds

Ubuntu 17.04 ubuntu-zesty ttyS0

ubuntu-zesty login: 